2022-04-30T16:21:47.773Z ERROR @wdio/local-runner: Failed launching test session: RequestError: read ECONNRESET
    at ClientRequest.<anonymous> (C:\NODE.JS\e2e-boilerplate (1)\e2e-boilerplate\node_modules\got\dist\source\core\index.js:956:111)
    at Object.onceWrapper (node:events:642:26)
    at ClientRequest.emit (node:events:539:35)
    at ClientRequest.emit (node:domain:475:12)
    at ClientRequest.origin.emit (C:\NODE.JS\e2e-boilerplate (1)\e2e-boilerplate\node_modules\@szmarczak\http-timer\dist\source\index.js:43:20)
    at Socket.socketErrorListener (node:_http_client:454:9)
    at Socket.emit (node:events:527:28)
    at Socket.emit (node:domain:475:12)
    at emitErrorNT (node:internal/streams/destroy:157:8)
    at emitErrorCloseNT (node:internal/streams/destroy:122:3)
    at TCP.onStreamRead (node:internal/stream_base_commons:217:20)
2022-04-30T16:21:47.780Z ERROR @wdio/local-runner: Failed launching test session: RequestError: connect ECONNREFUSED 127.0.0.1:9515
    at ClientRequest.<anonymous> (C:\NODE.JS\e2e-boilerplate (1)\e2e-boilerplate\node_modules\got\dist\source\core\index.js:956:111)
    at Object.onceWrapper (node:events:642:26)
    at ClientRequest.emit (node:events:539:35)
    at ClientRequest.emit (node:domain:475:12)
    at ClientRequest.origin.emit (C:\NODE.JS\e2e-boilerplate (1)\e2e-boilerplate\node_modules\@szmarczak\http-timer\dist\source\index.js:43:20)
    at Socket.socketErrorListener (node:_http_client:454:9)
    at Socket.emit (node:events:527:28)
    at Socket.emit (node:domain:475:12)
    at emitErrorNT (node:internal/streams/destroy:157:8)
    at emitErrorCloseNT (node:internal/streams/destroy:122:3)
    at TCPConnectWrap.afterConnect [as oncomplete] (node:net:1187:16)
